<?xml version="1.0" encoding="UTF-8"?>
<!-- Generated by org.testng.reporters.JUnitReportReporter -->
<testsuite hostname="DESKTOP-EE0984M" name="se.nackademin.examination.examination_jacoco.MainTest" tests="1" failures="0" timestamp="20 Oct 2016 08:01:06 GMT" time="0.008" errors="0">
  <testcase name="testMainMethod" time="0.008" classname="se.nackademin.examination.examination_jacoco.MainTest"/>
</testsuite> <!-- se.nackademin.examination.examination_jacoco.MainTest -->
