<?xml version="1.0" encoding="UTF-8"?>
<!-- Generated by org.testng.reporters.JUnitReportReporter -->
<testsuite hostname="DESKTOP-EE0984M" name="se.nackademin.examination.examination_jacoco.GameTest" tests="22" failures="0" timestamp="20 Oct 2016 08:01:06 GMT" time="0.024" errors="0">
  <testcase name="testMethodCity3" time="0.000" classname="se.nackademin.examination.examination_jacoco.GameTest"/>
  <testcase name="testMethodName2" time="0.000" classname="se.nackademin.examination.examination_jacoco.GameTest"/>
  <testcase name="testMethodName1" time="0.000" classname="se.nackademin.examination.examination_jacoco.GameTest"/>
  <testcase name="testMethodCity10" time="0.001" classname="se.nackademin.examination.examination_jacoco.GameTest"/>
  <testcase name="testMethodCity6" time="0.000" classname="se.nackademin.examination.examination_jacoco.GameTest"/>
  <testcase name="testBuildFinalString" time="0.002" classname="se.nackademin.examination.examination_jacoco.GameTest"/>
  <testcase name="testMethodCity7" time="0.001" classname="se.nackademin.examination.examination_jacoco.GameTest"/>
  <testcase name="testMethodGender2" time="0.000" classname="se.nackademin.examination.examination_jacoco.GameTest"/>
  <testcase name="testMethodGender3" time="0.000" classname="se.nackademin.examination.examination_jacoco.GameTest"/>
  <testcase name="testMethodName3" time="0.001" classname="se.nackademin.examination.examination_jacoco.GameTest"/>
  <testcase name="testMethodCity5" time="0.000" classname="se.nackademin.examination.examination_jacoco.GameTest"/>
  <testcase name="testMethodCity4" time="0.001" classname="se.nackademin.examination.examination_jacoco.GameTest"/>
  <testcase name="testMethodCity11" time="0.000" classname="se.nackademin.examination.examination_jacoco.GameTest"/>
  <testcase name="testMethodCity1" time="0.006" classname="se.nackademin.examination.examination_jacoco.GameTest"/>
  <testcase name="testMethodCity2" time="0.001" classname="se.nackademin.examination.examination_jacoco.GameTest"/>
  <testcase name="testMethodGender1" time="0.000" classname="se.nackademin.examination.examination_jacoco.GameTest"/>
  <testcase name="testrun" time="0.004" classname="se.nackademin.examination.examination_jacoco.GameTest"/>
  <testcase name="testMethodAge2" time="0.001" classname="se.nackademin.examination.examination_jacoco.GameTest"/>
  <testcase name="testrunGame" time="0.005" classname="se.nackademin.examination.examination_jacoco.GameTest"/>
  <testcase name="testMethodCity9" time="0.001" classname="se.nackademin.examination.examination_jacoco.GameTest"/>
  <testcase name="testMethodCity8" time="0.000" classname="se.nackademin.examination.examination_jacoco.GameTest"/>
  <testcase name="testMethodAge1" time="0.000" classname="se.nackademin.examination.examination_jacoco.GameTest"/>
</testsuite> <!-- se.nackademin.examination.examination_jacoco.GameTest -->
