<?xml version="1.0" encoding="UTF-8"?>
<!-- Generated by org.testng.reporters.JUnitReportReporter -->
<testsuite hostname="DESKTOP-EE0984M" name="se.nackademin.examination.examination_jacoco.ConversorTest" tests="4" failures="0" timestamp="20 Oct 2016 08:01:06 GMT" time="0.002" errors="0">
  <testcase name="testConversor4" time="0.000" classname="se.nackademin.examination.examination_jacoco.ConversorTest"/>
  <testcase name="testConversor" time="0.002" classname="se.nackademin.examination.examination_jacoco.ConversorTest"/>
  <testcase name="testConversor2" time="0.000" classname="se.nackademin.examination.examination_jacoco.ConversorTest"/>
  <testcase name="testConversor3" time="0.000" classname="se.nackademin.examination.examination_jacoco.ConversorTest"/>
</testsuite> <!-- se.nackademin.examination.examination_jacoco.ConversorTest -->
